{"log":
 [{"message":
   ".> LEAN_PATH=././.lake/packages/batteries/.lake/build/lib:././.lake/packages/Qq/.lake/build/lib:././.lake/packages/aesop/.lake/build/lib:././.lake/packages/proofwidgets/.lake/build/lib:././.lake/packages/Cli/.lake/build/lib:././.lake/packages/importGraph/.lake/build/lib:././.lake/packages/LeanSearchClient/.lake/build/lib:././.lake/packages/mathlib/.lake/build/lib:././.lake/build/lib DYLD_LIBRARY_PATH= /Users/jonathanwashburn/.elan/toolchains/leanprover--lean4---v4.12.0/bin/lean -Dpp.unicode.fun=true -Dpp.proofs.withType=false -DautoImplicit=false -DrelaxedAutoImplicit=false ././././rh/RS/AdmissibleWindows.lean -R ./././. -o ././.lake/build/lib/rh/RS/AdmissibleWindows.olean -i ././.lake/build/lib/rh/RS/AdmissibleWindows.ilean -c ././.lake/build/ir/rh/RS/AdmissibleWindows.c --json",
   "level": "trace"},
  {"message":
   "././././rh/RS/AdmissibleWindows.lean:95:24: unused variable `α'`\nnote: this linter can be disabled with `set_option linter.unusedVariables false`",
   "level": "warning"},
  {"message":
   "././././rh/RS/AdmissibleWindows.lean:95:33: unused variable `I`\nnote: this linter can be disabled with `set_option linter.unusedVariables false`",
   "level": "warning"},
  {"message":
   "././././rh/RS/AdmissibleWindows.lean:95:52: unused variable `φ`\nnote: this linter can be disabled with `set_option linter.unusedVariables false`",
   "level": "warning"},
  {"message":
   "././././rh/RS/AdmissibleWindows.lean:108:14: unused variable `hα`\nnote: this linter can be disabled with `set_option linter.unusedVariables false`",
   "level": "warning"},
  {"message":
   "././././rh/RS/AdmissibleWindows.lean:112:10: unused variable `hφ`\nnote: this linter can be disabled with `set_option linter.unusedVariables false`",
   "level": "warning"}],
 "depHash": "15120773805258020861"}